2024-12-27 23:10:38 [main] INFO  com.app.clientapp.MovieRecommendationSystem - Movie Recommendation System started
2024-12-27 23:10:38 [main] INFO  com.app.clientapp.MovieRecommendationSystem - Prompting user for action
2024-12-27 23:10:41 [main] INFO  com.app.clientapp.MovieRecommendationSystem - Login option selected
2024-12-27 23:10:46 [main] INFO  com.app.clientapp.MovieRecommendationSystem - Admin login successful for user: Admin
2024-12-27 23:14:59 [main] INFO  com.app.clientapp.MovieRecommendationSystem - Movie Recommendation System started
2024-12-27 23:14:59 [main] INFO  com.app.clientapp.MovieRecommendationSystem - Prompting user for action
2024-12-27 23:15:07 [main] INFO  com.app.clientapp.MovieRecommendationSystem - Login option selected
2024-12-27 23:15:10 [main] INFO  com.app.clientapp.MovieRecommendationSystem - Admin login successful for user: Admin
2024-12-27 23:15:19 [main] INFO  com.app.clientapp.MovieRecommendationSystem - Prompting user for action
2024-12-27 23:21:05 [main] INFO  com.app.clientapp.MovieRecommendationSystem - Movie Recommendation System started
2024-12-27 23:21:06 [main] INFO  com.app.clientapp.MovieRecommendationSystem - Prompting user for action
2024-12-27 23:21:10 [main] INFO  com.app.clientapp.MovieRecommendationSystem - Login option selected
2024-12-27 23:21:18 [main] WARN  com.app.clientapp.MovieRecommendationSystem - Login failed for username: admin 1
2024-12-27 23:21:18 [main] INFO  com.app.clientapp.MovieRecommendationSystem - Prompting user for action
2024-12-27 23:21:21 [main] INFO  com.app.clientapp.MovieRecommendationSystem - Login option selected
2024-12-27 23:21:27 [main] INFO  com.app.clientapp.MovieRecommendationSystem - Admin login successful for user: Admin
2024-12-27 23:24:44 [main] INFO  com.app.clientapp.MovieRecommendationSystem - Movie Recommendation System started
2024-12-27 23:24:45 [main] INFO  com.app.clientapp.MovieRecommendationSystem - Prompting user for action
2024-12-27 23:24:47 [main] INFO  com.app.clientapp.MovieRecommendationSystem - Login option selected
2024-12-27 23:25:57 [main] INFO  com.app.clientapp.MovieRecommendationSystem - Movie Recommendation System started
2024-12-27 23:25:57 [main] INFO  com.app.clientapp.MovieRecommendationSystem - Prompting user for action
2024-12-27 23:30:04 [main] INFO  com.app.clientapp.MovieRecommendationSystem - Movie Recommendation System started
2024-12-27 23:30:05 [main] INFO  com.app.clientapp.MovieRecommendationSystem - Prompting user for action
2024-12-27 23:30:08 [main] INFO  com.app.clientapp.MovieRecommendationSystem - Login option selected
2024-12-27 23:30:17 [main] INFO  com.app.clientapp.MovieRecommendationSystem - Admin login successful for user: Admin
2024-12-27 23:30:22 [main] INFO  com.app.clientapp.Admin - Admin is viewing all movies.
2024-12-27 23:30:25 [main] ERROR com.app.clientapp.Admin - Invalid input received for admin choice: 3
2024-12-27 23:30:34 [main] ERROR com.app.clientapp.Admin - Invalid input received for admin choice: 3
2024-12-27 23:30:45 [main] ERROR com.app.clientapp.Admin - Invalid input received for admin choice: 4
2024-12-27 23:31:09 [main] INFO  com.app.clientapp.MovieRecommendationSystem - Movie Recommendation System started
2024-12-27 23:31:09 [main] INFO  com.app.clientapp.MovieRecommendationSystem - Prompting user for action
2024-12-27 23:31:11 [main] INFO  com.app.clientapp.MovieRecommendationSystem - Login option selected
2024-12-27 23:31:17 [main] INFO  com.app.clientapp.MovieRecommendationSystem - Admin login successful for user: Admin
2024-12-27 23:35:06 [main] INFO  com.app.clientapp.MovieRecommendationSystem - Movie Recommendation System started
2024-12-27 23:35:06 [main] INFO  com.app.clientapp.MovieRecommendationSystem - Prompting user for action
2024-12-27 23:35:08 [main] INFO  com.app.clientapp.MovieRecommendationSystem - Login option selected
2024-12-27 23:35:12 [main] INFO  com.app.clientapp.MovieRecommendationSystem - Admin login successful for user: Admin
2024-12-27 23:44:27 [main] INFO  com.app.clientapp.MovieRecommendationSystem - Movie Recommendation System started
2024-12-27 23:44:27 [main] INFO  com.app.clientapp.MovieRecommendationSystem - Prompting user for action
2024-12-27 23:44:31 [main] INFO  com.app.clientapp.MovieRecommendationSystem - Login option selected
2024-12-27 23:44:35 [main] INFO  com.app.clientapp.MovieRecommendationSystem - Admin login successful for user: Admin
2024-12-27 23:49:30 [main] INFO  com.app.clientapp.MovieRecommendationSystem - Movie Recommendation System started
2024-12-27 23:49:30 [main] INFO  com.app.clientapp.MovieRecommendationSystem - Prompting user for action
2024-12-27 23:49:31 [main] INFO  com.app.clientapp.MovieRecommendationSystem - Login option selected
2024-12-27 23:49:36 [main] INFO  com.app.clientapp.MovieRecommendationSystem - Admin login successful for user: Admin
2024-12-27 23:50:02 [main] INFO  com.app.clientapp.MovieRecommendationSystem - Movie Recommendation System started
2024-12-27 23:50:02 [main] INFO  com.app.clientapp.MovieRecommendationSystem - Prompting user for action
2024-12-27 23:50:03 [main] INFO  com.app.clientapp.MovieRecommendationSystem - Login option selected
2024-12-27 23:50:16 [main] INFO  com.app.clientapp.MovieRecommendationSystem - User login successful for user: Nobita
2024-12-27 23:50:56 [main] INFO  com.app.clientapp.MovieRecommendationSystem - Prompting user for action
2024-12-27 23:51:03 [main] INFO  com.app.clientapp.MovieRecommendationSystem - Session terminated by user
